
> depinfo-template@1.0.0 build
> docusaurus build

node.exe : [WARNING] The `siteConfig.onBrokenMarkdownLinks` config option is deprecated and will be removed in Docusaurus v4.
Au caractère Ligne:1 : 1
+ & "C:\Program Files\nodejs/node.exe" "C:\Users\joris\AppData\Roaming\ ...
+ ~~~~~~~~~~~~~~~~~~~~~~~~~~~~~~~~~~~~~~~~~~~~~~~~~~~~~~~~~~~~~~~~~~~~~
    + CategoryInfo          : NotSpecified: ([WARNING] The `... Docusaurus v4.:String) [], RemoteException
    + FullyQualifiedErrorId : NativeCommandError
 
Please migrate and move this option to `siteConfig.markdown.hooks.onBrokenMarkdownLinks` instead.
[INFO] [fr] Creating an optimized production build...
[WARNING] The `siteConfig.onBrokenMarkdownLinks` config option is deprecated and will be removed in Docusaurus v4.
Please migrate and move this option to `siteConfig.markdown.hooks.onBrokenMarkdownLinks` instead.
[90m[[90mwebpackbar[90m][39m [36mÔä╣[39m Compiling Client
[90m[[90mwebpackbar[90m][39m [36mÔä╣[39m Compiling Server
[90m[[90mwebpackbar[90m][39m [32mÔ£ö[39m Server: Compiled successfully in 2.57s
[90m[[90mwebpackbar[90m][39m [32mÔ£ö[39m Client: Compiled successfully in 2.66s

[ERROR] Error: Unable to build website for locale fr.
    at tryToBuildLocale (C:\Users\joris\Documents\GitHub\3M5-IntroMobile\web\node_modules\@docusaurus\core\lib\commands\build\build.js:83:15)
    at async C:\Users\joris\Documents\GitHub\3M5-IntroMobile\web\node_modules\@docusaurus\core\lib\commands\build\build.js:35:9
    at async mapAsyncSequential (C:\Users\joris\Documents\GitHub\3M5-IntroMobile\web\node_modules\@docusaurus\utils\lib\jsUtils.js:21:24)
    at async Command.build (C:\Users\joris\Documents\GitHub\3M5-IntroMobile\web\node_modules\@docusaurus\core\lib\commands\build\build.js:34:5)
    at async Promise.all (index 0)
    at async runCLI (C:\Users\joris\Documents\GitHub\3M5-IntroMobile\web\node_modules\@docusaurus\core\lib\commands\cli.js:56:5)
    at async file:///C:/Users/joris/Documents/GitHub/3M5-IntroMobile/web/node_modules/@docusaurus/core/bin/docusaurus.mjs:44:3 {
  [cause]: Error: Docusaurus found broken links!
  
  Please check the pages of your site in the list below, and make sure you don't reference any path that does not exist.
  Note: it's possible to ignore broken links with the 'onBrokenLinks' Docusaurus configuration, and let the build pass.
  
  Exhaustive list of all broken links found:
  - Broken link on source page path = /3M5-IntroMobile/tp/tp1:
     -> linking to ../cours/3.2-librairies-tierces (resolved as: /3M5-IntroMobile/cours/3.2-librairies-tierces)
  - Broken link on source page path = /3M5-IntroMobile/:
     -> linking to cours/01-plan-cours (resolved as: /3M5-IntroMobile/cours/01-plan-cours)
     -> linking to cours/02-presentation-tp1 (resolved as: /3M5-IntroMobile/cours/02-presentation-tp1)
     -> linking to cours/03-imperatif (resolved as: /3M5-IntroMobile/cours/03-imperatif)
     -> linking to cours/04-imperatif-suite (resolved as: /3M5-IntroMobile/cours/04-imperatif-suite)
     -> linking to cours/07-structurer-code (resolved as: /3M5-IntroMobile/cours/07-structurer-code)
     -> linking to cours/08-integration (resolved as: /3M5-IntroMobile/cours/08-integration)
     -> linking to cours/09-formatif-pratique (resolved as: /3M5-IntroMobile/cours/09-formatif-pratique)
     -> linking to cours/10-examen-intra (resolved as: /3M5-IntroMobile/cours/10-examen-intra)
     -> linking to cours/11-intro-android (resolved as: /3M5-IntroMobile/cours/11-intro-android)
     -> linking to cours/12-activites-navigation (resolved as: /3M5-IntroMobile/cours/12-activites-navigation)
     -> linking to cours/13-tiroir-navigation (resolved as: /3M5-IntroMobile/cours/13-tiroir-navigation)
     -> linking to cours/14-tiroir-navigation-suite (resolved as: /3M5-IntroMobile/cours/14-tiroir-navigation-suite)
     -> linking to cours/15-listes-i18n (resolved as: /3M5-IntroMobile/cours/15-listes-i18n)
     -> linking to cours/16-graphique (resolved as: /3M5-IntroMobile/cours/16-graphique)
     -> linking to cours/17-integration (resolved as: /3M5-IntroMobile/cours/17-integration)
  
      at throwError (C:\Users\joris\Documents\GitHub\3M5-IntroMobile\web\node_modules\@docusaurus\logger\lib\logger.js:80:11)
      at reportBrokenLinks (C:\Users\joris\Documents\GitHub\3M5-IntroMobile\web\node_modules\@docusaurus\core\lib\server\brokenLinks.js:250:47)
      at handleBrokenLinks (C:\Users\joris\Documents\GitHub\3M5-IntroMobile\web\node_modules\@docusaurus\core\lib\server\brokenLinks.js:282:5)
      at executeBrokenLinksCheck (C:\Users\joris\Documents\GitHub\3M5-IntroMobile\web\node_modules\@docusaurus\core\lib\commands\build\buildLocale.js:119:47)
      at C:\Users\joris\Documents\GitHub\3M5-IntroMobile\web\node_modules\@docusaurus\core\lib\commands\build\buildLocale.js:94:67
      at Object.async (C:\Users\joris\Documents\GitHub\3M5-IntroMobile\web\node_modules\@docusaurus\logger\lib\perfLogger.js:42:47)
      at buildLocale (C:\Users\joris\Documents\GitHub\3M5-IntroMobile\web\node_modules\@docusaurus\core\lib\commands\build\buildLocale.js:94:31)
      at async runBuildLocaleTask (C:\Users\joris\Documents\GitHub\3M5-IntroMobile\web\node_modules\@docusaurus\core\lib\commands\build\build.js:98:5)
      at async C:\Users\joris\Documents\GitHub\3M5-IntroMobile\web\node_modules\@docusaurus\core\lib\commands\build\build.js:79:13
      at async tryToBuildLocale (C:\Users\joris\Documents\GitHub\3M5-IntroMobile\web\node_modules\@docusaurus\core\lib\commands\build\build.js:75:9)
}
[INFO] Docusaurus version: 3.9.2
Node version: v22.20.0
